----------------------------------------------------------------
Sun Dec 24 16:39:21 EST 2023:
Booting Derby version The Apache Software Foundation - Apache Derby - 10.16.1.1 - (1901046): instance a816c00e-018c-9dc4-ad94-00000278a2f8 
on database directory memory:C:\Users\spenc\ptri_dir\ptri\ed2a6a39-1562-452f-a93a-c6c76b81c416 with class loader jdk.internal.loader.ClassLoaders$AppClassLoader@33909752 
Loaded from file:/C:/Users/spenc/.m2/repository/org/apache/derby/derby/10.16.1.1/derby-10.16.1.1.jar
java.vendor=Oracle Corporation
java.runtime.version=21.0.1+12-LTS-29
user.dir=C:\Users\spenc\ptri_dir\ptri
os.name=Windows 11
os.arch=amd64
os.version=10.0
derby.system.home=null
Database Class Loader started - derby.database.classpath=''
----------------------------------------------------------------
Sun Dec 24 16:42:16 EST 2023:
Shutting down instance a816c00e-018c-9dc4-ad94-00000278a2f8 on database directory memory:C:\Users\spenc\ptri_dir\ptri\ed2a6a39-1562-452f-a93a-c6c76b81c416 with class loader jdk.internal.loader.ClassLoaders$AppClassLoader@33909752 
----------------------------------------------------------------
Sun Dec 24 16:42:17 EST 2023:
Booting Derby version The Apache Software Foundation - Apache Derby - 10.16.1.1 - (1901046): instance 0bdecece-018c-9dc4-ad94-00000278a2f8 
on database directory memory:C:\Users\spenc\ptri_dir\ptri\004fa2f6-feba-4809-8edd-1d0c8ef9fa78 with class loader jdk.internal.loader.ClassLoaders$AppClassLoader@33909752 
Loaded from file:/C:/Users/spenc/.m2/repository/org/apache/derby/derby/10.16.1.1/derby-10.16.1.1.jar
java.vendor=Oracle Corporation
java.runtime.version=21.0.1+12-LTS-29
user.dir=C:\Users\spenc\ptri_dir\ptri
os.name=Windows 11
os.arch=amd64
os.version=10.0
derby.system.home=null
Database Class Loader started - derby.database.classpath=''
----------------------------------------------------------------
Sun Dec 24 16:42:44 EST 2023:
Shutting down instance 0bdecece-018c-9dc4-ad94-00000278a2f8 on database directory memory:C:\Users\spenc\ptri_dir\ptri\004fa2f6-feba-4809-8edd-1d0c8ef9fa78 with class loader jdk.internal.loader.ClassLoaders$AppClassLoader@33909752 
----------------------------------------------------------------
Sun Dec 24 16:42:45 EST 2023:
Booting Derby version The Apache Software Foundation - Apache Derby - 10.16.1.1 - (1901046): instance 2f255d07-018c-9dc4-ad94-00000278a2f8 
on database directory memory:C:\Users\spenc\ptri_dir\ptri\9a87ce65-a8bb-4339-b7f6-ea5c2ccfdbb1 with class loader jdk.internal.loader.ClassLoaders$AppClassLoader@33909752 
Loaded from file:/C:/Users/spenc/.m2/repository/org/apache/derby/derby/10.16.1.1/derby-10.16.1.1.jar
java.vendor=Oracle Corporation
java.runtime.version=21.0.1+12-LTS-29
user.dir=C:\Users\spenc\ptri_dir\ptri
os.name=Windows 11
os.arch=amd64
os.version=10.0
derby.system.home=null
Database Class Loader started - derby.database.classpath=''
----------------------------------------------------------------
Sun Dec 24 16:45:46 EST 2023:
Shutting down instance 2f255d07-018c-9dc4-ad94-00000278a2f8 on database directory memory:C:\Users\spenc\ptri_dir\ptri\9a87ce65-a8bb-4339-b7f6-ea5c2ccfdbb1 with class loader jdk.internal.loader.ClassLoaders$AppClassLoader@33909752 
----------------------------------------------------------------
Sun Dec 24 16:45:47 EST 2023:
Booting Derby version The Apache Software Foundation - Apache Derby - 10.16.1.1 - (1901046): instance e383ebfb-018c-9dc4-ad94-00000278a2f8 
on database directory memory:C:\Users\spenc\ptri_dir\ptri\2a4a7ab9-bc23-47bf-b64d-390dd3c1627f with class loader jdk.internal.loader.ClassLoaders$AppClassLoader@33909752 
Loaded from file:/C:/Users/spenc/.m2/repository/org/apache/derby/derby/10.16.1.1/derby-10.16.1.1.jar
java.vendor=Oracle Corporation
java.runtime.version=21.0.1+12-LTS-29
user.dir=C:\Users\spenc\ptri_dir\ptri
os.name=Windows 11
os.arch=amd64
os.version=10.0
derby.system.home=null
Database Class Loader started - derby.database.classpath=''
----------------------------------------------------------------
Sun Dec 24 16:46:30 EST 2023:
Shutting down instance e383ebfb-018c-9dc4-ad94-00000278a2f8 on database directory memory:C:\Users\spenc\ptri_dir\ptri\2a4a7ab9-bc23-47bf-b64d-390dd3c1627f with class loader jdk.internal.loader.ClassLoaders$AppClassLoader@33909752 
----------------------------------------------------------------
Sun Dec 24 16:46:30 EST 2023:
Booting Derby version The Apache Software Foundation - Apache Derby - 10.16.1.1 - (1901046): instance e0a52d18-018c-9dc4-ad94-00000278a2f8 
on database directory memory:C:\Users\spenc\ptri_dir\ptri\ea454ef9-1d38-4c04-8184-b17feb052280 with class loader jdk.internal.loader.ClassLoaders$AppClassLoader@33909752 
Loaded from file:/C:/Users/spenc/.m2/repository/org/apache/derby/derby/10.16.1.1/derby-10.16.1.1.jar
java.vendor=Oracle Corporation
java.runtime.version=21.0.1+12-LTS-29
user.dir=C:\Users\spenc\ptri_dir\ptri
os.name=Windows 11
os.arch=amd64
os.version=10.0
derby.system.home=null
Database Class Loader started - derby.database.classpath=''
----------------------------------------------------------------
Sun Dec 24 16:47:23 EST 2023:
Shutting down instance e0a52d18-018c-9dc4-ad94-00000278a2f8 on database directory memory:C:\Users\spenc\ptri_dir\ptri\ea454ef9-1d38-4c04-8184-b17feb052280 with class loader jdk.internal.loader.ClassLoaders$AppClassLoader@33909752 
----------------------------------------------------------------
Sun Dec 24 16:47:24 EST 2023:
Booting Derby version The Apache Software Foundation - Apache Derby - 10.16.1.1 - (1901046): instance 1d18ae35-018c-9dc4-ad94-00000278a2f8 
on database directory memory:C:\Users\spenc\ptri_dir\ptri\da55c651-36f5-4f8a-bfef-6c717b4f099f with class loader jdk.internal.loader.ClassLoaders$AppClassLoader@33909752 
Loaded from file:/C:/Users/spenc/.m2/repository/org/apache/derby/derby/10.16.1.1/derby-10.16.1.1.jar
java.vendor=Oracle Corporation
java.runtime.version=21.0.1+12-LTS-29
user.dir=C:\Users\spenc\ptri_dir\ptri
os.name=Windows 11
os.arch=amd64
os.version=10.0
derby.system.home=null
Database Class Loader started - derby.database.classpath=''
----------------------------------------------------------------
Sun Dec 24 16:49:55 EST 2023:
Shutting down instance 1d18ae35-018c-9dc4-ad94-00000278a2f8 on database directory memory:C:\Users\spenc\ptri_dir\ptri\da55c651-36f5-4f8a-bfef-6c717b4f099f with class loader jdk.internal.loader.ClassLoaders$AppClassLoader@33909752 
----------------------------------------------------------------
Sun Dec 24 16:49:56 EST 2023:
Booting Derby version The Apache Software Foundation - Apache Derby - 10.16.1.1 - (1901046): instance 7faa7972-018c-9dc4-ad94-00000278a2f8 
on database directory memory:C:\Users\spenc\ptri_dir\ptri\62e494f3-c4a5-4ba5-836e-e7bf4e377170 with class loader jdk.internal.loader.ClassLoaders$AppClassLoader@33909752 
Loaded from file:/C:/Users/spenc/.m2/repository/org/apache/derby/derby/10.16.1.1/derby-10.16.1.1.jar
java.vendor=Oracle Corporation
java.runtime.version=21.0.1+12-LTS-29
user.dir=C:\Users\spenc\ptri_dir\ptri
os.name=Windows 11
os.arch=amd64
os.version=10.0
derby.system.home=null
Database Class Loader started - derby.database.classpath=''
----------------------------------------------------------------
Sun Dec 24 16:50:01 EST 2023:
Shutting down instance 7faa7972-018c-9dc4-ad94-00000278a2f8 on database directory memory:C:\Users\spenc\ptri_dir\ptri\62e494f3-c4a5-4ba5-836e-e7bf4e377170 with class loader jdk.internal.loader.ClassLoaders$AppClassLoader@33909752 
----------------------------------------------------------------
Sun Dec 24 16:50:02 EST 2023:
Booting Derby version The Apache Software Foundation - Apache Derby - 10.16.1.1 - (1901046): instance fc2a7a8f-018c-9dc4-ad94-00000278a2f8 
on database directory memory:C:\Users\spenc\ptri_dir\ptri\fd984dba-32d0-4cef-95c7-a208e9ce82a9 with class loader jdk.internal.loader.ClassLoaders$AppClassLoader@33909752 
Loaded from file:/C:/Users/spenc/.m2/repository/org/apache/derby/derby/10.16.1.1/derby-10.16.1.1.jar
java.vendor=Oracle Corporation
java.runtime.version=21.0.1+12-LTS-29
user.dir=C:\Users\spenc\ptri_dir\ptri
os.name=Windows 11
os.arch=amd64
os.version=10.0
derby.system.home=null
Database Class Loader started - derby.database.classpath=''
----------------------------------------------------------------
Sun Dec 24 16:50:03 EST 2023:
Shutting down instance fc2a7a8f-018c-9dc4-ad94-00000278a2f8 on database directory memory:C:\Users\spenc\ptri_dir\ptri\fd984dba-32d0-4cef-95c7-a208e9ce82a9 with class loader jdk.internal.loader.ClassLoaders$AppClassLoader@33909752 
----------------------------------------------------------------
Sun Dec 24 16:50:04 EST 2023:
Booting Derby version The Apache Software Foundation - Apache Derby - 10.16.1.1 - (1901046): instance a7fcbbac-018c-9dc4-ad94-00000278a2f8 
on database directory memory:C:\Users\spenc\ptri_dir\ptri\2b646901-0999-452f-8710-30dd90583cb7 with class loader jdk.internal.loader.ClassLoaders$AppClassLoader@33909752 
Loaded from file:/C:/Users/spenc/.m2/repository/org/apache/derby/derby/10.16.1.1/derby-10.16.1.1.jar
java.vendor=Oracle Corporation
java.runtime.version=21.0.1+12-LTS-29
user.dir=C:\Users\spenc\ptri_dir\ptri
os.name=Windows 11
os.arch=amd64
os.version=10.0
derby.system.home=null
Database Class Loader started - derby.database.classpath=''
----------------------------------------------------------------
Sun Dec 24 16:51:19 EST 2023:
Shutting down instance a7fcbbac-018c-9dc4-ad94-00000278a2f8 on database directory memory:C:\Users\spenc\ptri_dir\ptri\2b646901-0999-452f-8710-30dd90583cb7 with class loader jdk.internal.loader.ClassLoaders$AppClassLoader@33909752 
----------------------------------------------------------------
Sun Dec 24 16:51:20 EST 2023:
Booting Derby version The Apache Software Foundation - Apache Derby - 10.16.1.1 - (1901046): instance 973640b1-018c-9dc4-ad94-00000278a2f8 
on database directory memory:C:\Users\spenc\ptri_dir\ptri\1e44f544-e297-4e1f-a5f9-a4fd532a8f24 with class loader jdk.internal.loader.ClassLoaders$AppClassLoader@33909752 
Loaded from file:/C:/Users/spenc/.m2/repository/org/apache/derby/derby/10.16.1.1/derby-10.16.1.1.jar
java.vendor=Oracle Corporation
java.runtime.version=21.0.1+12-LTS-29
user.dir=C:\Users\spenc\ptri_dir\ptri
os.name=Windows 11
os.arch=amd64
os.version=10.0
derby.system.home=null
Database Class Loader started - derby.database.classpath=''
----------------------------------------------------------------
Sun Dec 24 16:52:12 EST 2023:
Shutting down instance 973640b1-018c-9dc4-ad94-00000278a2f8 on database directory memory:C:\Users\spenc\ptri_dir\ptri\1e44f544-e297-4e1f-a5f9-a4fd532a8f24 with class loader jdk.internal.loader.ClassLoaders$AppClassLoader@33909752 
----------------------------------------------------------------
Sun Dec 24 16:52:13 EST 2023:
Booting Derby version The Apache Software Foundation - Apache Derby - 10.16.1.1 - (1901046): instance e1e785aa-018c-9dc4-ad94-00000278a2f8 
on database directory memory:C:\Users\spenc\ptri_dir\ptri\e7ef91fb-5bb7-4ad7-8474-a67d7695f47c with class loader jdk.internal.loader.ClassLoaders$AppClassLoader@33909752 
Loaded from file:/C:/Users/spenc/.m2/repository/org/apache/derby/derby/10.16.1.1/derby-10.16.1.1.jar
java.vendor=Oracle Corporation
java.runtime.version=21.0.1+12-LTS-29
user.dir=C:\Users\spenc\ptri_dir\ptri
os.name=Windows 11
os.arch=amd64
os.version=10.0
derby.system.home=null
Database Class Loader started - derby.database.classpath=''
----------------------------------------------------------------
Sun Dec 24 16:52:28 EST 2023:
Shutting down instance e1e785aa-018c-9dc4-ad94-00000278a2f8 on database directory memory:C:\Users\spenc\ptri_dir\ptri\e7ef91fb-5bb7-4ad7-8474-a67d7695f47c with class loader jdk.internal.loader.ClassLoaders$AppClassLoader@33909752 
----------------------------------------------------------------
Sun Dec 24 16:52:29 EST 2023:
Booting Derby version The Apache Software Foundation - Apache Derby - 10.16.1.1 - (1901046): instance a28a086b-018c-9dc4-ad94-00000278a2f8 
on database directory memory:C:\Users\spenc\ptri_dir\ptri\27d90d30-7465-4723-8342-842d7e13e493 with class loader jdk.internal.loader.ClassLoaders$AppClassLoader@33909752 
Loaded from file:/C:/Users/spenc/.m2/repository/org/apache/derby/derby/10.16.1.1/derby-10.16.1.1.jar
java.vendor=Oracle Corporation
java.runtime.version=21.0.1+12-LTS-29
user.dir=C:\Users\spenc\ptri_dir\ptri
os.name=Windows 11
os.arch=amd64
os.version=10.0
derby.system.home=null
Database Class Loader started - derby.database.classpath=''
----------------------------------------------------------------
Sun Dec 24 16:56:22 EST 2023:
Shutting down instance a28a086b-018c-9dc4-ad94-00000278a2f8 on database directory memory:C:\Users\spenc\ptri_dir\ptri\27d90d30-7465-4723-8342-842d7e13e493 with class loader jdk.internal.loader.ClassLoaders$AppClassLoader@33909752 
----------------------------------------------------------------
Sun Dec 24 16:56:22 EST 2023:
Booting Derby version The Apache Software Foundation - Apache Derby - 10.16.1.1 - (1901046): instance a1adcc5d-018c-9dc4-ad94-00000278a2f8 
on database directory memory:C:\Users\spenc\ptri_dir\ptri\c7f8e1ca-9ce4-44ef-99ce-beb386692e94 with class loader jdk.internal.loader.ClassLoaders$AppClassLoader@33909752 
Loaded from file:/C:/Users/spenc/.m2/repository/org/apache/derby/derby/10.16.1.1/derby-10.16.1.1.jar
java.vendor=Oracle Corporation
java.runtime.version=21.0.1+12-LTS-29
user.dir=C:\Users\spenc\ptri_dir\ptri
os.name=Windows 11
os.arch=amd64
os.version=10.0
derby.system.home=null
Database Class Loader started - derby.database.classpath=''
----------------------------------------------------------------
Sun Dec 24 16:57:56 EST 2023:
Shutting down instance a1adcc5d-018c-9dc4-ad94-00000278a2f8 on database directory memory:C:\Users\spenc\ptri_dir\ptri\c7f8e1ca-9ce4-44ef-99ce-beb386692e94 with class loader jdk.internal.loader.ClassLoaders$AppClassLoader@33909752 
----------------------------------------------------------------
Sun Dec 24 16:57:57 EST 2023:
Booting Derby version The Apache Software Foundation - Apache Derby - 10.16.1.1 - (1901046): instance 8502904f-018c-9dc4-ad94-00000278a2f8 
on database directory memory:C:\Users\spenc\ptri_dir\ptri\d950c6da-683d-4602-a5c6-82506d008cc6 with class loader jdk.internal.loader.ClassLoaders$AppClassLoader@33909752 
Loaded from file:/C:/Users/spenc/.m2/repository/org/apache/derby/derby/10.16.1.1/derby-10.16.1.1.jar
java.vendor=Oracle Corporation
java.runtime.version=21.0.1+12-LTS-29
user.dir=C:\Users\spenc\ptri_dir\ptri
os.name=Windows 11
os.arch=amd64
os.version=10.0
derby.system.home=null
Database Class Loader started - derby.database.classpath=''
----------------------------------------------------------------
Sun Dec 24 16:58:36 EST 2023:
Shutting down instance 8502904f-018c-9dc4-ad94-00000278a2f8 on database directory memory:C:\Users\spenc\ptri_dir\ptri\d950c6da-683d-4602-a5c6-82506d008cc6 with class loader jdk.internal.loader.ClassLoaders$AppClassLoader@33909752 
----------------------------------------------------------------
Sun Dec 24 16:58:37 EST 2023:
Booting Derby version The Apache Software Foundation - Apache Derby - 10.16.1.1 - (1901046): instance 906d52d8-018c-9dc4-ad94-00000278a2f8 
on database directory memory:C:\Users\spenc\ptri_dir\ptri\7d02d054-0c7f-49dc-8fa4-3e08fbea1dfc with class loader jdk.internal.loader.ClassLoaders$AppClassLoader@33909752 
Loaded from file:/C:/Users/spenc/.m2/repository/org/apache/derby/derby/10.16.1.1/derby-10.16.1.1.jar
java.vendor=Oracle Corporation
java.runtime.version=21.0.1+12-LTS-29
user.dir=C:\Users\spenc\ptri_dir\ptri
os.name=Windows 11
os.arch=amd64
os.version=10.0
derby.system.home=null
Database Class Loader started - derby.database.classpath=''
----------------------------------------------------------------
Sun Dec 24 16:59:10 EST 2023:
Shutting down instance 906d52d8-018c-9dc4-ad94-00000278a2f8 on database directory memory:C:\Users\spenc\ptri_dir\ptri\7d02d054-0c7f-49dc-8fa4-3e08fbea1dfc with class loader jdk.internal.loader.ClassLoaders$AppClassLoader@33909752 
----------------------------------------------------------------
Sun Dec 24 16:59:11 EST 2023:
Booting Derby version The Apache Software Foundation - Apache Derby - 10.16.1.1 - (1901046): instance db2d9e47-018c-9dc4-ad94-00000278a2f8 
on database directory memory:C:\Users\spenc\ptri_dir\ptri\dd152d24-01ca-46e2-ae6e-19b7e2cf18b7 with class loader jdk.internal.loader.ClassLoaders$AppClassLoader@33909752 
Loaded from file:/C:/Users/spenc/.m2/repository/org/apache/derby/derby/10.16.1.1/derby-10.16.1.1.jar
java.vendor=Oracle Corporation
java.runtime.version=21.0.1+12-LTS-29
user.dir=C:\Users\spenc\ptri_dir\ptri
os.name=Windows 11
os.arch=amd64
os.version=10.0
derby.system.home=null
Database Class Loader started - derby.database.classpath=''
----------------------------------------------------------------
Sun Dec 24 17:03:34 EST 2023:
Shutting down instance db2d9e47-018c-9dc4-ad94-00000278a2f8 on database directory memory:C:\Users\spenc\ptri_dir\ptri\dd152d24-01ca-46e2-ae6e-19b7e2cf18b7 with class loader jdk.internal.loader.ClassLoaders$AppClassLoader@33909752 
----------------------------------------------------------------
Sun Dec 24 17:03:35 EST 2023:
Booting Derby version The Apache Software Foundation - Apache Derby - 10.16.1.1 - (1901046): instance a8c5a1fa-018c-9dc4-ad94-00000278a2f8 
on database directory memory:C:\Users\spenc\ptri_dir\ptri\7ea60472-8d2f-4368-8df9-5b0c8f90c6e7 with class loader jdk.internal.loader.ClassLoaders$AppClassLoader@33909752 
Loaded from file:/C:/Users/spenc/.m2/repository/org/apache/derby/derby/10.16.1.1/derby-10.16.1.1.jar
java.vendor=Oracle Corporation
java.runtime.version=21.0.1+12-LTS-29
user.dir=C:\Users\spenc\ptri_dir\ptri
os.name=Windows 11
os.arch=amd64
os.version=10.0
derby.system.home=null
Database Class Loader started - derby.database.classpath=''
----------------------------------------------------------------
Sun Dec 24 17:04:03 EST 2023:
Shutting down instance a8c5a1fa-018c-9dc4-ad94-00000278a2f8 on database directory memory:C:\Users\spenc\ptri_dir\ptri\7ea60472-8d2f-4368-8df9-5b0c8f90c6e7 with class loader jdk.internal.loader.ClassLoaders$AppClassLoader@33909752 
----------------------------------------------------------------
Sun Dec 24 17:04:04 EST 2023:
Booting Derby version The Apache Software Foundation - Apache Derby - 10.16.1.1 - (1901046): instance 3a80a3ff-018c-9dc4-ad94-00000278a2f8 
on database directory memory:C:\Users\spenc\ptri_dir\ptri\574ac1e9-0fea-43b7-b1e3-56b2ba739dca with class loader jdk.internal.loader.ClassLoaders$AppClassLoader@33909752 
Loaded from file:/C:/Users/spenc/.m2/repository/org/apache/derby/derby/10.16.1.1/derby-10.16.1.1.jar
java.vendor=Oracle Corporation
java.runtime.version=21.0.1+12-LTS-29
user.dir=C:\Users\spenc\ptri_dir\ptri
os.name=Windows 11
os.arch=amd64
os.version=10.0
derby.system.home=null
Database Class Loader started - derby.database.classpath=''
